<?xml version="1.0" encoding="UTF-8"?>
<!-- Generated by org.testng.reporters.JUnitReportReporter -->
<testsuite skipped="29" hostname="mladensImac" name="test.TestZavrsni" tests="30" failures="0" timestamp="2021-10-22T13:24:24 CEST" time="2.470" errors="0">
  <testcase name="SignUpWithoutEntry" time="2.470" classname="test.TestZavrsni"/>
  <system-out/>
  <testcase name="signUpWithSpecialCharInDotCom" classname="test.TestZavrsni">
    <skipped/>
  </testcase> <!-- signUpWithSpecialCharInDotCom -->
  <system-out/>
  <testcase name="signUpWithSpaceInDomainName" classname="test.TestZavrsni">
    <skipped/>
  </testcase> <!-- signUpWithSpaceInDomainName -->
  <system-out/>
  <testcase name="signUpWithSpecialCharInDomainName" classname="test.TestZavrsni">
    <skipped/>
  </testcase> <!-- signUpWithSpecialCharInDomainName -->
  <system-out/>
  <testcase name="signUpWithSpaceAfterFirstName" classname="test.TestZavrsni">
    <skipped/>
  </testcase> <!-- signUpWithSpaceAfterFirstName -->
  <system-out/>
  <testcase name="signUpWithEmailWithNumInDomainName" classname="test.TestZavrsni">
    <skipped/>
  </testcase> <!-- signUpWithEmailWithNumInDomainName -->
  <system-out/>
  <testcase name="signUpWithEmailWithSpecialCharInLocal" classname="test.TestZavrsni">
    <skipped/>
  </testcase> <!-- signUpWithEmailWithSpecialCharInLocal -->
  <system-out/>
  <testcase name="signUpWithEmailWithCapitalLetterinLocal" classname="test.TestZavrsni">
    <skipped/>
  </testcase> <!-- signUpWithEmailWithCapitalLetterinLocal -->
  <system-out/>
  <testcase name="signUpWithSpaceInDotCom" classname="test.TestZavrsni">
    <skipped/>
  </testcase> <!-- signUpWithSpaceInDotCom -->
  <system-out/>
  <testcase name="signUpWithLowercaseFirstName" classname="test.TestZavrsni">
    <skipped/>
  </testcase> <!-- signUpWithLowercaseFirstName -->
  <system-out/>
  <testcase name="signUpWithSpaceAfterLastName" classname="test.TestZavrsni">
    <skipped/>
  </testcase> <!-- signUpWithSpaceAfterLastName -->
  <system-out/>
  <testcase name="signUpWithLastNameWithNumber" classname="test.TestZavrsni">
    <skipped/>
  </testcase> <!-- signUpWithLastNameWithNumber -->
  <system-out/>
  <testcase name="signUpWithLastNameWithDiacritic" classname="test.TestZavrsni">
    <skipped/>
  </testcase> <!-- signUpWithLastNameWithDiacritic -->
  <system-out/>
  <testcase name="signUpWithFemaleGender" classname="test.TestZavrsni">
    <skipped/>
  </testcase> <!-- signUpWithFemaleGender -->
  <system-out/>
  <testcase name="signUpWithEmailWithoutDotCom" classname="test.TestZavrsni">
    <skipped/>
  </testcase> <!-- signUpWithEmailWithoutDotCom -->
  <system-out/>
  <testcase name="signUpWithTwoFirstNames" classname="test.TestZavrsni">
    <skipped/>
  </testcase> <!-- signUpWithTwoFirstNames -->
  <system-out/>
  <testcase name="happyPathRequiredFieldsOnly" classname="test.TestZavrsni">
    <skipped/>
  </testcase> <!-- happyPathRequiredFieldsOnly -->
  <system-out/>
  <testcase name="signUpWithFirstNameWithSpecial" classname="test.TestZavrsni">
    <skipped/>
  </testcase> <!-- signUpWithFirstNameWithSpecial -->
  <system-out/>
  <testcase name="happyPathAllFields" classname="test.TestZavrsni">
    <skipped/>
  </testcase> <!-- happyPathAllFields -->
  <system-out/>
  <testcase name="signUpWithTwoLastNames" classname="test.TestZavrsni">
    <skipped/>
  </testcase> <!-- signUpWithTwoLastNames -->
  <system-out/>
  <testcase name="signUpWithEmailWithoutMonkey" classname="test.TestZavrsni">
    <skipped/>
  </testcase> <!-- signUpWithEmailWithoutMonkey -->
  <system-out/>
  <testcase name="signUpWithOtherGender" classname="test.TestZavrsni">
    <skipped/>
  </testcase> <!-- signUpWithOtherGender -->
  <system-out/>
  <testcase name="signUpWithLowercaseLastName" classname="test.TestZavrsni">
    <skipped/>
  </testcase> <!-- signUpWithLowercaseLastName -->
  <system-out/>
  <testcase name="signUpWithEmailWithNumInDotCom" classname="test.TestZavrsni">
    <skipped/>
  </testcase> <!-- signUpWithEmailWithNumInDotCom -->
  <system-out/>
  <testcase name="signUpWithFirstNameWithNumber" classname="test.TestZavrsni">
    <skipped/>
  </testcase> <!-- signUpWithFirstNameWithNumber -->
  <system-out/>
  <testcase name="signUpWithFirstNameWithDiacritic" classname="test.TestZavrsni">
    <skipped/>
  </testcase> <!-- signUpWithFirstNameWithDiacritic -->
  <system-out/>
  <testcase name="signUpWithLastNameWithSpecial" classname="test.TestZavrsni">
    <skipped/>
  </testcase> <!-- signUpWithLastNameWithSpecial -->
  <system-out/>
  <testcase name="signUpWithEmailendingWithSpace" classname="test.TestZavrsni">
    <skipped/>
  </testcase> <!-- signUpWithEmailendingWithSpace -->
  <system-out/>
  <testcase name="signUpWithEmailWIthSpaceInLocal" classname="test.TestZavrsni">
    <skipped/>
  </testcase> <!-- signUpWithEmailWIthSpaceInLocal -->
  <system-out/>
  <testcase name="signUpWithEmailWithNumberInLocal" classname="test.TestZavrsni">
    <skipped/>
  </testcase> <!-- signUpWithEmailWithNumberInLocal -->
  <system-out/>
</testsuite> <!-- test.TestZavrsni -->
