<?xml version="1.0" encoding="UTF-8"?>
<!-- Generated by org.testng.reporters.JUnitReportReporter -->
<testsuite hostname="bragoto" failures="0" tests="30" name="test.TestZavrsni" time="6.637" errors="0" timestamp="2021-11-01T15:53:39 CET" skipped="28">
  <testcase classname="test.TestZavrsni" name="happyPathRequiredFieldsOnly" time="1.649"/>
  <system-out/>
  <testcase classname="test.TestZavrsni" name="happyPathAllFields" time="4.988"/>
  <system-out/>
  <testcase classname="test.TestZavrsni" name="signUpWithSpecialCharInDotCom">
    <skipped/>
  </testcase> <!-- signUpWithSpecialCharInDotCom -->
  <system-out/>
  <testcase classname="test.TestZavrsni" name="signUpWithSpaceInDomainName">
    <skipped/>
  </testcase> <!-- signUpWithSpaceInDomainName -->
  <system-out/>
  <testcase classname="test.TestZavrsni" name="signUpWithSpecialCharInDomainName">
    <skipped/>
  </testcase> <!-- signUpWithSpecialCharInDomainName -->
  <system-out/>
  <testcase classname="test.TestZavrsni" name="signUpWithSpaceAfterFirstName">
    <skipped/>
  </testcase> <!-- signUpWithSpaceAfterFirstName -->
  <system-out/>
  <testcase classname="test.TestZavrsni" name="signUpWithEmailWithNumInDomainName">
    <skipped/>
  </testcase> <!-- signUpWithEmailWithNumInDomainName -->
  <system-out/>
  <testcase classname="test.TestZavrsni" name="signUpWithEmailWithSpecialCharInLocal">
    <skipped/>
  </testcase> <!-- signUpWithEmailWithSpecialCharInLocal -->
  <system-out/>
  <testcase classname="test.TestZavrsni" name="signUpWithEmailWithCapitalLetterinLocal">
    <skipped/>
  </testcase> <!-- signUpWithEmailWithCapitalLetterinLocal -->
  <system-out/>
  <testcase classname="test.TestZavrsni" name="signUpWithSpaceInDotCom">
    <skipped/>
  </testcase> <!-- signUpWithSpaceInDotCom -->
  <system-out/>
  <testcase classname="test.TestZavrsni" name="signUpWithLowercaseFirstName">
    <skipped/>
  </testcase> <!-- signUpWithLowercaseFirstName -->
  <system-out/>
  <testcase classname="test.TestZavrsni" name="signUpWithSpaceAfterLastName">
    <skipped/>
  </testcase> <!-- signUpWithSpaceAfterLastName -->
  <system-out/>
  <testcase classname="test.TestZavrsni" name="signUpWithLastNameWithNumber">
    <skipped/>
  </testcase> <!-- signUpWithLastNameWithNumber -->
  <system-out/>
  <testcase classname="test.TestZavrsni" name="signUpWithLastNameWithDiacritic">
    <skipped/>
  </testcase> <!-- signUpWithLastNameWithDiacritic -->
  <system-out/>
  <testcase classname="test.TestZavrsni" name="signUpWithFemaleGender">
    <skipped/>
  </testcase> <!-- signUpWithFemaleGender -->
  <system-out/>
  <testcase classname="test.TestZavrsni" name="signUpWithEmailWithoutDotCom">
    <skipped/>
  </testcase> <!-- signUpWithEmailWithoutDotCom -->
  <system-out/>
  <testcase classname="test.TestZavrsni" name="signUpWithTwoFirstNames">
    <skipped/>
  </testcase> <!-- signUpWithTwoFirstNames -->
  <system-out/>
  <testcase classname="test.TestZavrsni" name="SignUpWithoutEntry">
    <skipped/>
  </testcase> <!-- SignUpWithoutEntry -->
  <system-out/>
  <testcase classname="test.TestZavrsni" name="signUpWithEmailEndingWithSpace">
    <skipped/>
  </testcase> <!-- signUpWithEmailEndingWithSpace -->
  <system-out/>
  <testcase classname="test.TestZavrsni" name="signUpWithFirstNameWithSpecial">
    <skipped/>
  </testcase> <!-- signUpWithFirstNameWithSpecial -->
  <system-out/>
  <testcase classname="test.TestZavrsni" name="signUpWithTwoLastNames">
    <skipped/>
  </testcase> <!-- signUpWithTwoLastNames -->
  <system-out/>
  <testcase classname="test.TestZavrsni" name="signUpWithEmailWithoutMonkey">
    <skipped/>
  </testcase> <!-- signUpWithEmailWithoutMonkey -->
  <system-out/>
  <testcase classname="test.TestZavrsni" name="signUpWithOtherGender">
    <skipped/>
  </testcase> <!-- signUpWithOtherGender -->
  <system-out/>
  <testcase classname="test.TestZavrsni" name="signUpWithLowercaseLastName">
    <skipped/>
  </testcase> <!-- signUpWithLowercaseLastName -->
  <system-out/>
  <testcase classname="test.TestZavrsni" name="signUpWithEmailWithNumInDotCom">
    <skipped/>
  </testcase> <!-- signUpWithEmailWithNumInDotCom -->
  <system-out/>
  <testcase classname="test.TestZavrsni" name="signUpWithFirstNameWithNumber">
    <skipped/>
  </testcase> <!-- signUpWithFirstNameWithNumber -->
  <system-out/>
  <testcase classname="test.TestZavrsni" name="signUpWithFirstNameWithDiacritic">
    <skipped/>
  </testcase> <!-- signUpWithFirstNameWithDiacritic -->
  <system-out/>
  <testcase classname="test.TestZavrsni" name="signUpWithLastNameWithSpecial">
    <skipped/>
  </testcase> <!-- signUpWithLastNameWithSpecial -->
  <system-out/>
  <testcase classname="test.TestZavrsni" name="signUpWithEmailWIthSpaceInLocal">
    <skipped/>
  </testcase> <!-- signUpWithEmailWIthSpaceInLocal -->
  <system-out/>
  <testcase classname="test.TestZavrsni" name="signUpWithEmailWithNumberInLocal">
    <skipped/>
  </testcase> <!-- signUpWithEmailWithNumberInLocal -->
  <system-out/>
</testsuite> <!-- test.TestZavrsni -->
